<?xml version="1.0" encoding="UTF-8"?>
<!-- Generated by org.testng.reporters.JUnitXMLReporter -->
<testsuite hostname="Bablu-PC" name="Default test" tests="6" failures="0" timestamp="29 May 2017 11:39:54 GMT" time="0.078" errors="0">
  <testcase name="method" time="0.016" classname="TestPackage.rectangle"/>
  <testcase name="drow" time="0.015" classname="TestPackage.rectangle"/>
  <testcase name="method" time="0.0" classname="TestPackage.Circle"/>
  <testcase name="drow" time="0.0" classname="TestPackage.Circle"/>
  <testcase name="method" time="0.0" classname="TestPackage.tests"/>
  <testcase name="drow" time="0.015" classname="TestPackage.tests"/>
</testsuite> <!-- Default test -->
